17.09.2023 14:46:31\nFile: C:\OpenServer\domains\OPROSNIK-NEW-15-09-23\dboprosnik.php\nLine: 40\nError Code: 2002\nError: SQLSTATE[HY000] [2002] Подключение не установлено, т.к. конечный компьютер отверг запрос на подключение\nTrace: #0 C:\OpenServer\domains\OPROSNIK-NEW-15-09-23\dboprosnik.php(40): PDO->__construct()
#1 C:\OpenServer\domains\OPROSNIK-NEW-15-09-23\opros.php(2): include_once('C:\\OpenServer\\d...')
#2 {main}\n17.09.2023 14:46:35\nFile: C:\OpenServer\domains\OPROSNIK-NEW-15-09-23\dboprosnik.php\nLine: 40\nError Code: 2002\nError: SQLSTATE[HY000] [2002] Подключение не установлено, т.к. конечный компьютер отверг запрос на подключение\nTrace: #0 C:\OpenServer\domains\OPROSNIK-NEW-15-09-23\dboprosnik.php(40): PDO->__construct()
#1 C:\OpenServer\domains\OPROSNIK-NEW-15-09-23\index.php(2): include_once('C:\\OpenServer\\d...')
#2 {main}\n17.09.2023 14:46:39\nFile: C:\OpenServer\domains\OPROSNIK-NEW-15-09-23\dboprosnik.php\nLine: 40\nError Code: 2002\nError: SQLSTATE[HY000] [2002] Подключение не установлено, т.к. конечный компьютер отверг запрос на подключение\nTrace: #0 C:\OpenServer\domains\OPROSNIK-NEW-15-09-23\dboprosnik.php(40): PDO->__construct()
#1 C:\OpenServer\domains\OPROSNIK-NEW-15-09-23\index.php(2): include_once('C:\\OpenServer\\d...')
#2 {main}\n17.09.2023 14:46:49\nFile: C:\OpenServer\domains\OPROSNIK-NEW-15-09-23\dboprosnik.php\nLine: 40\nError Code: 2002\nError: SQLSTATE[HY000] [2002] Подключение не установлено, т.к. конечный компьютер отверг запрос на подключение\nTrace: #0 C:\OpenServer\domains\OPROSNIK-NEW-15-09-23\dboprosnik.php(40): PDO->__construct()
#1 C:\OpenServer\domains\OPROSNIK-NEW-15-09-23\opros.php(2): include_once('C:\\OpenServer\\d...')
#2 {main}\n17.09.2023 14:49:45\nFile: C:\OpenServer\domains\OPROSNIK-NEW-15-09-23\dboprosnik.php\nLine: 40\nError Code: 2002\nError: SQLSTATE[HY000] [2002] Подключение не установлено, т.к. конечный компьютер отверг запрос на подключение\nTrace: #0 C:\OpenServer\domains\OPROSNIK-NEW-15-09-23\dboprosnik.php(40): PDO->__construct()
#1 C:\OpenServer\domains\OPROSNIK-NEW-15-09-23\opros.php(2): include_once('C:\\OpenServer\\d...')
#2 {main}\n17.09.2023 14:50:19\nFile: C:\OpenServer\domains\OPROSNIK-NEW-15-09-23\dboprosnik.php\nLine: 40\nError Code: 2002\nError: SQLSTATE[HY000] [2002] Подключение не установлено, т.к. конечный компьютер отверг запрос на подключение\nTrace: #0 C:\OpenServer\domains\OPROSNIK-NEW-15-09-23\dboprosnik.php(40): PDO->__construct()
#1 C:\OpenServer\domains\OPROSNIK-NEW-15-09-23\opros.php(2): include_once('C:\\OpenServer\\d...')
#2 {main}\n17.09.2023 14:50:53\nFile: C:\OpenServer\domains\OPROSNIK-NEW-15-09-23\dboprosnik.php\nLine: 40\nError Code: 2002\nError: SQLSTATE[HY000] [2002] Подключение не установлено, т.к. конечный компьютер отверг запрос на подключение\nTrace: #0 C:\OpenServer\domains\OPROSNIK-NEW-15-09-23\dboprosnik.php(40): PDO->__construct()
#1 C:\OpenServer\domains\OPROSNIK-NEW-15-09-23\opros.php(2): include_once('C:\\OpenServer\\d...')
#2 {main}\n17.09.2023 14:50:59\nFile: C:\OpenServer\domains\OPROSNIK-NEW-15-09-23\dboprosnik.php\nLine: 40\nError Code: 2002\nError: SQLSTATE[HY000] [2002] Подключение не установлено, т.к. конечный компьютер отверг запрос на подключение\nTrace: #0 C:\OpenServer\domains\OPROSNIK-NEW-15-09-23\dboprosnik.php(40): PDO->__construct()
#1 C:\OpenServer\domains\OPROSNIK-NEW-15-09-23\opros.php(2): include_once('C:\\OpenServer\\d...')
#2 {main}\n18.09.2023 17:42:07\nFile: C:\OpenServer\domains\OPROSNIK-NEW-15-09-23\login.php\nLine: 14\nError Code: 1049\nError: SQLSTATE[HY000] [1049] Unknown database 'oprosni'\nTrace: #0 C:\OpenServer\domains\OPROSNIK-NEW-15-09-23\login.php(14): PDO->__construct()
#1 {main}\n18.09.2023 17:42:09\nFile: C:\OpenServer\domains\OPROSNIK-NEW-15-09-23\login.php\nLine: 14\nError Code: 1049\nError: SQLSTATE[HY000] [1049] Unknown database 'oprosni'\nTrace: #0 C:\OpenServer\domains\OPROSNIK-NEW-15-09-23\login.php(14): PDO->__construct()
#1 {main}\n18.09.2023 17:42:11\nFile: C:\OpenServer\domains\OPROSNIK-NEW-15-09-23\login.php\nLine: 14\nError Code: 1049\nError: SQLSTATE[HY000] [1049] Unknown database 'oprosni'\nTrace: #0 C:\OpenServer\domains\OPROSNIK-NEW-15-09-23\login.php(14): PDO->__construct()
#1 {main}\n18.09.2023 18:00:23\nFile: C:\OpenServer\domains\OPROSNIK-NEW-15-09-23\dboprosnik.php\nLine: 39\nError Code: 1049\nError: SQLSTATE[HY000] [1049] Unknown database 'oprosni'\nTrace: #0 C:\OpenServer\domains\OPROSNIK-NEW-15-09-23\dboprosnik.php(39): PDO->__construct()
#1 C:\OpenServer\domains\OPROSNIK-NEW-15-09-23\login.php(3): include_once('C:\\OpenServer\\d...')
#2 {main}\n